<?xml version="1.0" encoding="UTF-8"?>
<testsuites>
  <testsuite id="0" name="C:\Users\nimisoere.tekena\Documents\react-sandbox\react-login-test\react-login-test-1\src\actions\index.test.js" errors="0" package="C:\Users\nimisoere.tekena\Documents\react-sandbox\react-login-test\react-login-test-1\src\actions\index.test.js" hostname="localhost" tests="4" failures="0" time="13.601" timestamp="2019-09-09T16:16:31">
    <properties>
    </properties>
    <testcase classname="Test Redux Alert Actions" name="uses correct constants" time="0">
    </testcase>
    <testcase classname="Test Authentication via Redux" name="logout uses service and correct constant" time="0">
    </testcase>
    <testcase classname="Test Authentication via Redux" name="login uses service and correct dispatch logic" time="0">
    </testcase>
    <testcase classname="Test Authentication via Redux" name="register uses service and correct logic" time="0">
    </testcase>
    <system-out/>
    <system-err/>
  </testsuite>
  <testsuite id="1" name="C:\Users\nimisoere.tekena\Documents\react-sandbox\react-login-test\react-login-test-1\src\tests\RegisterPage.test.js" errors="0" package="C:\Users\nimisoere.tekena\Documents\react-sandbox\react-login-test\react-login-test-1\src\tests\RegisterPage.test.js" hostname="localhost" tests="1" failures="0" time="14.251" timestamp="2019-09-09T16:16:31">
    <properties>
    </properties>
    <testcase classname="Test RegisterPage component" name="check route, dispatch and store setup for component" time="0">
    </testcase>
    <system-out/>
    <system-err/>
  </testsuite>
  <testsuite id="2" name="C:\Users\nimisoere.tekena\Documents\react-sandbox\react-login-test\react-login-test-1\src\tests\LoginPage.test.js" errors="0" package="C:\Users\nimisoere.tekena\Documents\react-sandbox\react-login-test\react-login-test-1\src\tests\LoginPage.test.js" hostname="localhost" tests="1" failures="0" time="14.281" timestamp="2019-09-09T16:16:31">
    <properties>
    </properties>
    <testcase classname="Test LoginPage component" name="check route, dispatch and store setup for component" time="0">
    </testcase>
    <system-out/>
    <system-err/>
  </testsuite>
  <testsuite id="3" name="C:\Users\nimisoere.tekena\Documents\react-sandbox\react-login-test\react-login-test-1\src\App.test.js" errors="0" package="C:\Users\nimisoere.tekena\Documents\react-sandbox\react-login-test\react-login-test-1\src\App.test.js" hostname="localhost" tests="2" failures="0" time="14.871" timestamp="2019-09-09T16:16:31">
    <properties>
    </properties>
    <testcase classname="Test AppComponent" name="check route, dispatch and store setup for component" time="0">
    </testcase>
    <testcase classname="Test AppComponent" name="check for redirections" time="0">
    </testcase>
    <system-out/>
    <system-err/>
  </testsuite>
</testsuites>